The system is: Linux - sh: 0: getcwd() failed: No such file or directory
4.15.0-36-generic - sh: 0: getcwd() failed: No such file or directory
x86_64
Determining if the C compiler works passed with the following output:
Change Dir: /home/zitengfei/program/linux服务器开发/build/CMakeFiles/CMakeTmp

Run Build Command:"/usr/bin/make" "cmTC_4b354/fast"
/usr/bin/make -f CMakeFiles/cmTC_4b354.dir/build.make CMakeFiles/cmTC_4b354.dir/build
make[1]: Entering directory '/home/zitengfei/program/linux服务器开发/build/CMakeFiles/CMakeTmp'
Building C object CMakeFiles/cmTC_4b354.dir/testCCompiler.c.o
/usr/bin/x86_64-linux-gnu-gcc-7    -o CMakeFiles/cmTC_4b354.dir/testCCompiler.c.o   -c /home/zitengfei/program/linux服务器开发/build/CMakeFiles/CMakeTmp/testCCompiler.c
Linking C executable cmTC_4b354
/usr/bin/cmake -E cmake_link_script CMakeFiles/cmTC_4b354.dir/link.txt --verbose=1
/usr/bin/x86_64-linux-gnu-gcc-7      CMakeFiles/cmTC_4b354.dir/testCCompiler.c.o  -o cmTC_4b354 
make[1]: Leaving directory '/home/zitengfei/program/linux服务器开发/build/CMakeFiles/CMakeTmp'


Detecting C compiler ABI info compiled with the following output:
Change Dir: /home/zitengfei/program/linux服务器开发/build/CMakeFiles/CMakeTmp

Run Build Command:"/usr/bin/make" "cmTC_f3952/fast"
/usr/bin/make -f CMakeFiles/cmTC_f3952.dir/build.make CMakeFiles/cmTC_f3952.dir/build
make[1]: Entering directory '/home/zitengfei/program/linux服务器开发/build/CMakeFiles/CMakeTmp'
Building C object CMakeFiles/cmTC_f3952.dir/CMakeCCompilerABI.c.o
/usr/bin/x86_64-linux-gnu-gcc-7    -o CMakeFiles/cmTC_f3952.dir/CMakeCCompilerABI.c.o   -c /usr/share/cmake-3.10/Modules/CMakeCCompilerABI.c
Linking C executable cmTC_f3952
/usr/bin/cmake -E cmake_link_script CMakeFiles/cmTC_f3952.dir/link.txt --verbose=1
/usr/bin/x86_64-linux-gnu-gcc-7      CMakeFiles/cmTC_f3952.dir/CMakeCCompilerABI.c.o  -o cmTC_f3952 
make[1]: Leaving directory '/home/zitengfei/program/linux服务器开发/build/CMakeFiles/CMakeTmp'


Determining if the CXX compiler works passed with the following output:
Change Dir: /home/zitengfei/program/linux服务器开发/build/CMakeFiles/CMakeTmp

Run Build Command:"/usr/bin/make" "cmTC_dc702/fast"
/usr/bin/make -f CMakeFiles/cmTC_dc702.dir/build.make CMakeFiles/cmTC_dc702.dir/build
make[1]: Entering directory '/home/zitengfei/program/linux服务器开发/build/CMakeFiles/CMakeTmp'
Building CXX object CMakeFiles/cmTC_dc702.dir/testCXXCompiler.cxx.o
/usr/bin/x86_64-linux-gnu-g++-7     -o CMakeFiles/cmTC_dc702.dir/testCXXCompiler.cxx.o -c /home/zitengfei/program/linux服务器开发/build/CMakeFiles/CMakeTmp/testCXXCompiler.cxx
Linking CXX executable cmTC_dc702
/usr/bin/cmake -E cmake_link_script CMakeFiles/cmTC_dc702.dir/link.txt --verbose=1
/usr/bin/x86_64-linux-gnu-g++-7       CMakeFiles/cmTC_dc702.dir/testCXXCompiler.cxx.o  -o cmTC_dc702 
make[1]: Leaving directory '/home/zitengfei/program/linux服务器开发/build/CMakeFiles/CMakeTmp'


Detecting CXX compiler ABI info compiled with the following output:
Change Dir: /home/zitengfei/program/linux服务器开发/build/CMakeFiles/CMakeTmp

Run Build Command:"/usr/bin/make" "cmTC_6068d/fast"
/usr/bin/make -f CMakeFiles/cmTC_6068d.dir/build.make CMakeFiles/cmTC_6068d.dir/build
make[1]: Entering directory '/home/zitengfei/program/linux服务器开发/build/CMakeFiles/CMakeTmp'
Building CXX object CMakeFiles/cmTC_6068d.dir/CMakeCXXCompilerABI.cpp.o
/usr/bin/x86_64-linux-gnu-g++-7     -o CMakeFiles/cmTC_6068d.dir/CMakeCXXCompilerABI.cpp.o -c /usr/share/cmake-3.10/Modules/CMakeCXXCompilerABI.cpp
Linking CXX executable cmTC_6068d
/usr/bin/cmake -E cmake_link_script CMakeFiles/cmTC_6068d.dir/link.txt --verbose=1
/usr/bin/x86_64-linux-gnu-g++-7       CMakeFiles/cmTC_6068d.dir/CMakeCXXCompilerABI.cpp.o  -o cmTC_6068d 
make[1]: Leaving directory '/home/zitengfei/program/linux服务器开发/build/CMakeFiles/CMakeTmp'


